Traceback (most recent call last):
  File "/opt/hostedtoolcache/Python/3.8.18/x64/lib/python3.8/site-packages/jupyter_cache/executors/utils.py", line 51, in single_nb_execution
    executenb(
  File "/opt/hostedtoolcache/Python/3.8.18/x64/lib/python3.8/site-packages/nbclient/client.py", line 1204, in execute
    return NotebookClient(nb=nb, resources=resources, km=km, **kwargs).execute()
  File "/opt/hostedtoolcache/Python/3.8.18/x64/lib/python3.8/site-packages/nbclient/util.py", line 84, in wrapped
    return just_run(coro(*args, **kwargs))
  File "/opt/hostedtoolcache/Python/3.8.18/x64/lib/python3.8/site-packages/nbclient/util.py", line 62, in just_run
    return loop.run_until_complete(coro)
  File "/opt/hostedtoolcache/Python/3.8.18/x64/lib/python3.8/asyncio/base_events.py", line 616, in run_until_complete
    return future.result()
  File "/opt/hostedtoolcache/Python/3.8.18/x64/lib/python3.8/site-packages/nbclient/client.py", line 663, in async_execute
    await self.async_execute_cell(
  File "/opt/hostedtoolcache/Python/3.8.18/x64/lib/python3.8/site-packages/nbclient/client.py", line 965, in async_execute_cell
    await self._check_raise_for_error(cell, cell_index, exec_reply)
  File "/opt/hostedtoolcache/Python/3.8.18/x64/lib/python3.8/site-packages/nbclient/client.py", line 862, in _check_raise_for_error
    raise CellExecutionError.from_cell_and_msg(cell, exec_reply_content)
nbclient.exceptions.CellExecutionError: An error occurred while executing the following cell:
------------------
#Variables d'optimisation
e_D=1e-3 # [m] airgap
J=50 # [A/mm²] current density


# Vector of parameters

parameters = scipy.array((e_D,J))

# Initial characteristics before optimization 
print("-----------------------------------------------")
print("Initial characteristics before optimization :")

SizingCode(parameters, 'Prt')
print("-----------------------------------------------")

# optimization with SLSQP algorithm
contrainte=lambda x: SizingCode(x, 'Const')
objectif=lambda x: SizingCode(x, 'Obj')
result = scipy.optimize.fmin_slsqp(func=objectif, x0=parameters, 
                                   bounds=[(1e-3,1e-1),(1,50)],
                                   f_ieqcons=contrainte, iter=100, acc=1e-12)

# Final characteristics after optimization 
print("-----------------------------------------------")
print("Final characteristics after optimization :")

SizingCode(result, 'Prt')
print("-----------------------------------------------")

------------------

[0;31m---------------------------------------------------------------------------[0m
[0;31mNameError[0m                                 Traceback (most recent call last)
[0;32m/tmp/ipykernel_2547/3395251727.py[0m in [0;36m<cell line: 14>[0;34m()[0m
[1;32m     12[0m [0mprint[0m[0;34m([0m[0;34m"Initial characteristics before optimization :"[0m[0;34m)[0m[0;34m[0m[0;34m[0m[0m
[1;32m     13[0m [0;34m[0m[0m
[0;32m---> 14[0;31m [0mSizingCode[0m[0;34m([0m[0mparameters[0m[0;34m,[0m [0;34m'Prt'[0m[0;34m)[0m[0;34m[0m[0;34m[0m[0m
[0m[1;32m     15[0m [0mprint[0m[0;34m([0m[0;34m"-----------------------------------------------"[0m[0;34m)[0m[0;34m[0m[0;34m[0m[0m
[1;32m     16[0m [0;34m[0m[0m

[0;32m/tmp/ipykernel_2547/1329022819.py[0m in [0;36mSizingCode[0;34m(param, arg)[0m
[1;32m     52[0m         [0mprint[0m[0;34m([0m[0;34m"           Current dendity J = %.2g"[0m[0;34m%[0m [0;34m([0m[0mJ[0m[0;34m)[0m[0;34m)[0m[0;34m[0m[0;34m[0m[0m
[1;32m     53[0m         [0mprint[0m[0;34m([0m[0;34m"* Components characteristics:"[0m[0;34m)[0m[0;34m[0m[0;34m[0m[0m
[0;32m---> 54[0;31m         [0mprint[0m[0;34m([0m[0;34m"           Core (2) mass = %.2f kg"[0m [0;34m%[0m [0;34m([0m[0;36m2[0m[0;34m*[0m[0mM_core[0m[0;34m)[0m[0;34m)[0m[0;34m[0m[0;34m[0m[0m
[0m[1;32m     55[0m         [0mprint[0m[0;34m([0m[0;34m"           Coil mass = %.2f kg"[0m [0;34m%[0m [0mM_copper[0m[0;34m)[0m[0;34m[0m[0;34m[0m[0m
[1;32m     56[0m         [0mprint[0m[0;34m([0m[0;34m"           Core dimensions = %.1f (diameter) x %.1f (heigth) mm"[0m[0;34m%[0m[0;34m([0m[0;34m([0m[0mD[0m[0;34m*[0m[0;36m1e3[0m[0;34m,[0m[0;36m2[0m[0;34m*[0m[0mH[0m[0;34m*[0m[0;36m1e3[0m[0;34m)[0m[0;34m)[0m[0;34m)[0m[0;34m[0m[0;34m[0m[0m

[0;31mNameError[0m: name 'M_core' is not defined
NameError: name 'M_core' is not defined

